<?xml version="1.0" encoding="UTF-8"?>
<testsuite name="com.example.account.service.AccountServiceTest" tests="1" skipped="0" failures="0" errors="0" timestamp="2023-05-22T10:54:17" hostname="Byului-MacBookAir.local" time="0.27">
  <properties/>
  <testcase name="failedGetAccountsByUserId()" classname="com.example.account.service.AccountServiceTest" time="0.27"/>
  <system-out><![CDATA[]]></system-out>
  <system-err><![CDATA[]]></system-err>
</testsuite>
